<?xml version="1.0" encoding="UTF-8"?>
<!-- Generated by org.testng.reporters.JUnitXMLReporter -->
<testsuite ignored="1" hostname="DESKTOP-F9CGR0U" failures="1" tests="1" name="Page Object Model Project" time="6.761" errors="0" timestamp="2023-08-07T17:43:19 EDT">
  <testcase classname="com.techbee.selenium.testng.tests.EbaySearchTest" name="init" time="6.397">
    <failure type="java.lang.NullPointerException" message="Cannot invoke &amp;quot;org.openqa.selenium.JavascriptExecutor.executeScript(String, Object[])&amp;quot; because &amp;quot;this.js&amp;quot; is null">
      <![CDATA[java.lang.NullPointerException: Cannot invoke "org.openqa.selenium.JavascriptExecutor.executeScript(String, Object[])" because "this.js" is null
at com.techbee.selenium.testng.pages.EbayHomePage.saveToFile(EbayHomePage.java:48)
at com.techbee.selenium.testng.tests.EbaySearchTest.init(EbaySearchTest.java:16)
at java.base/java.util.ArrayList.forEach(ArrayList.java:1511)
... Removed 27 stack frames]]>
    </failure>
  </testcase> <!-- init -->
  <testcase classname="com.techbee.selenium.testng.tests.TestBase" name="@BeforeSuite initialize" time="0.0">
    <ignored/>
  </testcase> <!-- @BeforeSuite initialize -->
</testsuite> <!-- Page Object Model Project -->
