<?xml version="1.0" encoding="UTF-8"?>
<testng-results ignored="0" total="1" passed="1" failed="0" skipped="0">
  <reporter-output>
  </reporter-output>
  <suite started-at="2023-08-07T16:45:23 EDT" name="Test-Suite" finished-at="2023-08-07T16:45:37 EDT" duration-ms="14161">
    <groups>
    </groups>
    <test started-at="2023-08-07T16:45:23 EDT" name="Ebay Test" finished-at="2023-08-07T16:45:37 EDT" duration-ms="14161">
      <class name="com.techbee.selenium.TestNG">
        <test-method is-config="true" signature="beforeMethod()[pri:0, instance:com.techbee.selenium.TestNG@65f8f5ae]" started-at="2023-08-07T16:45:23 EDT" name="beforeMethod" finished-at="2023-08-07T16:45:31 EDT" duration-ms="7252" status="PASS">
          <reporter-output>
          </reporter-output>
        </test-method> <!-- beforeMethod -->
        <test-method signature="main()[pri:0, instance:com.techbee.selenium.TestNG@65f8f5ae]" started-at="2023-08-07T16:45:31 EDT" name="main" finished-at="2023-08-07T16:45:37 EDT" duration-ms="6645" status="PASS">
          <reporter-output>
          </reporter-output>
        </test-method> <!-- main -->
        <test-method is-config="true" signature="afterMethod()[pri:0, instance:com.techbee.selenium.TestNG@65f8f5ae]" started-at="2023-08-07T16:45:37 EDT" name="afterMethod" finished-at="2023-08-07T16:45:37 EDT" duration-ms="219" status="PASS">
          <reporter-output>
          </reporter-output>
        </test-method> <!-- afterMethod -->
      </class> <!-- com.techbee.selenium.TestNG -->
    </test> <!-- Ebay Test -->
  </suite> <!-- Test-Suite -->
</testng-results>
