<?xml version="1.0" encoding="UTF-8"?>
<!-- Generated by org.testng.reporters.JUnitXMLReporter -->
<testsuite ignored="3" hostname="DESKTOP-F9CGR0U" failures="0" tests="1" name="Default test(failed)" time="8.251" errors="0" timestamp="2023-08-11T11:00:46 EDT">
  <testcase classname="com.selenium.aspiration.tests.AspirationTest" name="testProductPrices" time="2.016"/>
  <testcase classname="com.selenium.aspiration.tests.AspirationTest" name="testSignIn" time="0.0">
    <ignored/>
  </testcase> <!-- testSignIn -->
  <testcase classname="com.selenium.aspiration.tests.AspirationTest" name="testViewProducts" time="0.0">
    <ignored/>
  </testcase> <!-- testViewProducts -->
  <testcase classname="com.selenium.aspiration.tests.AspirationTest" name="testGettingStarted" time="0.0">
    <ignored/>
  </testcase> <!-- testGettingStarted -->
</testsuite> <!-- Default test(failed) -->
