<?xml version="1.0" encoding="UTF-8"?>
<!-- Generated by org.testng.reporters.JUnitXMLReporter -->
<testsuite ignored="3" hostname="DESKTOP-F9CGR0U" failures="0" tests="1" name="Default test" time="8.766" errors="0" timestamp="2023-08-11T11:05:02 EDT">
  <testcase classname="com.selenium.aspiration.tests.AspirationTest" name="testProductPrices" time="2.249"/>
  <testcase classname="com.selenium.aspiration.tests.AspirationTest" name="testViewProducts" time="0.0">
    <ignored/>
  </testcase> <!-- testViewProducts -->
  <testcase classname="com.selenium.aspiration.tests.AspirationTest" name="testSignIn" time="0.0">
    <ignored/>
  </testcase> <!-- testSignIn -->
  <testcase classname="com.selenium.aspiration.tests.AspirationTest" name="testGettingStarted" time="0.0">
    <ignored/>
  </testcase> <!-- testGettingStarted -->
</testsuite> <!-- Default test -->
