<?xml version="1.0" encoding="UTF-8"?>
<testng-results ignored="0" total="1" passed="1" failed="0" skipped="0">
  <reporter-output>
  </reporter-output>
  <suite started-at="2023-08-07T17:47:16 EDT" name="Failed suite [Failed suite [Test-Suite]]" finished-at="2023-08-07T17:47:29 EDT" duration-ms="12947">
    <groups>
    </groups>
    <test started-at="2023-08-07T17:47:16 EDT" name="Page Object Model Project(failed)(failed)" finished-at="2023-08-07T17:47:29 EDT" duration-ms="12947">
      <class name="com.techbee.selenium.testng.tests.EbaySearchTest">
        <test-method is-config="true" signature="initialize()[pri:0, instance:com.techbee.selenium.testng.tests.EbaySearchTest@6e9175d8]" started-at="2023-08-07T17:47:10 EDT" name="initialize" finished-at="2023-08-07T17:47:16 EDT" duration-ms="6112" status="PASS">
          <reporter-output>
          </reporter-output>
        </test-method> <!-- initialize -->
        <test-method signature="init()[pri:0, instance:com.techbee.selenium.testng.tests.EbaySearchTest@6e9175d8]" started-at="2023-08-07T17:47:16 EDT" name="init" finished-at="2023-08-07T17:47:29 EDT" duration-ms="12675" status="PASS">
          <reporter-output>
          </reporter-output>
        </test-method> <!-- init -->
        <test-method is-config="true" signature="afterMethod()[pri:0, instance:com.techbee.selenium.testng.tests.EbaySearchTest@6e9175d8]" started-at="2023-08-07T17:47:29 EDT" name="afterMethod" finished-at="2023-08-07T17:47:29 EDT" duration-ms="239" status="PASS">
          <reporter-output>
          </reporter-output>
        </test-method> <!-- afterMethod -->
      </class> <!-- com.techbee.selenium.testng.tests.EbaySearchTest -->
    </test> <!-- Page Object Model Project(failed)(failed) -->
  </suite> <!-- Failed suite [Failed suite [Test-Suite]] -->
</testng-results>
