<?xml version="1.0" encoding="UTF-8"?>
<testng-results ignored="0" total="1" passed="1" failed="0" skipped="0">
  <reporter-output>
  </reporter-output>
  <suite started-at="2023-08-07T18:01:37 EDT" name="Default suite" finished-at="2023-08-07T18:01:49 EDT" duration-ms="12062">
    <groups>
    </groups>
    <test started-at="2023-08-07T18:01:37 EDT" name="Default test" finished-at="2023-08-07T18:01:49 EDT" duration-ms="12062">
      <class name="com.techbee.selenium.testng.tests.EbaySearchTest">
        <test-method is-config="true" signature="initialize()[pri:0, instance:com.techbee.selenium.testng.tests.EbaySearchTest@449a4f23]" started-at="2023-08-07T18:01:31 EDT" name="initialize" finished-at="2023-08-07T18:01:37 EDT" duration-ms="5824" status="PASS">
          <reporter-output>
          </reporter-output>
        </test-method> <!-- initialize -->
        <test-method signature="init()[pri:0, instance:com.techbee.selenium.testng.tests.EbaySearchTest@449a4f23]" started-at="2023-08-07T18:01:37 EDT" name="init" finished-at="2023-08-07T18:01:49 EDT" duration-ms="11811" status="PASS">
          <reporter-output>
          </reporter-output>
        </test-method> <!-- init -->
        <test-method is-config="true" signature="afterMethod()[pri:0, instance:com.techbee.selenium.testng.tests.EbaySearchTest@449a4f23]" started-at="2023-08-07T18:01:49 EDT" name="afterMethod" finished-at="2023-08-07T18:01:49 EDT" duration-ms="216" status="PASS">
          <reporter-output>
          </reporter-output>
        </test-method> <!-- afterMethod -->
      </class> <!-- com.techbee.selenium.testng.tests.EbaySearchTest -->
    </test> <!-- Default test -->
  </suite> <!-- Default suite -->
</testng-results>
