<?xml version="1.0" encoding="UTF-8"?>
<!-- Generated by org.testng.reporters.JUnitXMLReporter -->
<testsuite ignored="2" hostname="DESKTOP-F9CGR0U" failures="0" tests="1" name="Default test(failed)(failed)(failed)(failed)" time="7.717" errors="0" timestamp="2023-08-11T10:06:08 EDT">
  <testcase classname="com.selenium.aspiration.tests.AspirationTest" name="testGettingStarted" time="0.402"/>
  <testcase classname="com.selenium.aspiration.tests.AspirationTest" name="testViewProducts" time="0.0">
    <ignored/>
  </testcase> <!-- testViewProducts -->
  <testcase classname="com.selenium.aspiration.tests.AspirationTest" name="testSignIn" time="0.0">
    <ignored/>
  </testcase> <!-- testSignIn -->
</testsuite> <!-- Default test(failed)(failed)(failed)(failed) -->
