<?xml version="1.0" encoding="UTF-8"?>
<testng-results ignored="0" total="1" passed="1" failed="0" skipped="0">
  <reporter-output>
  </reporter-output>
  <suite started-at="2023-08-11T11:04:53 EDT" name="Default suite" finished-at="2023-08-11T11:05:02 EDT" duration-ms="8766">
    <groups>
    </groups>
    <test started-at="2023-08-11T11:04:53 EDT" name="Default test" finished-at="2023-08-11T11:05:02 EDT" duration-ms="8766">
      <class name="com.selenium.aspiration.tests.AspirationTest">
        <test-method is-config="true" signature="initialize()[pri:0, instance:com.selenium.aspiration.tests.AspirationTest@57bc27f5]" started-at="2023-08-11T11:04:53 EDT" name="initialize" finished-at="2023-08-11T11:04:59 EDT" duration-ms="6104" status="PASS">
          <reporter-output>
          </reporter-output>
        </test-method> <!-- initialize -->
        <test-method signature="testProductPrices()[pri:0, instance:com.selenium.aspiration.tests.AspirationTest@57bc27f5]" started-at="2023-08-11T11:04:59 EDT" name="testProductPrices" finished-at="2023-08-11T11:05:01 EDT" duration-ms="2249" status="PASS">
          <reporter-output>
          </reporter-output>
        </test-method> <!-- testProductPrices -->
        <test-method is-config="true" signature="afterMethod()[pri:0, instance:com.selenium.aspiration.tests.AspirationTest@57bc27f5]" started-at="2023-08-11T11:05:01 EDT" name="afterMethod" finished-at="2023-08-11T11:05:02 EDT" duration-ms="379" status="PASS">
          <reporter-output>
          </reporter-output>
        </test-method> <!-- afterMethod -->
      </class> <!-- com.selenium.aspiration.tests.AspirationTest -->
    </test> <!-- Default test -->
  </suite> <!-- Default suite -->
</testng-results>
