<?xml version="1.0" encoding="UTF-8"?>
<testng-results ignored="0" total="5" passed="5" failed="0" skipped="0">
  <reporter-output>
  </reporter-output>
  <suite started-at="2023-08-11T16:32:37 EDT" name="Aspiration Test-Suite" finished-at="2023-08-11T16:33:31 EDT" duration-ms="53780">
    <groups>
    </groups>
    <test started-at="2023-08-11T16:32:37 EDT" name="Page Object Model Project" finished-at="2023-08-11T16:33:31 EDT" duration-ms="53780">
      <class name="com.selenium.aspiration.tests.AspirationTest">
        <test-method is-config="true" signature="initialize()[pri:0, instance:com.selenium.aspiration.tests.AspirationTest@5c86a017]" started-at="2023-08-11T16:32:37 EDT" name="initialize" finished-at="2023-08-11T16:32:45 EDT" duration-ms="8096" status="PASS">
          <reporter-output>
          </reporter-output>
        </test-method> <!-- initialize -->
        <test-method signature="testGettingStarted()[pri:0, instance:com.selenium.aspiration.tests.AspirationTest@5c86a017]" started-at="2023-08-11T16:32:45 EDT" name="testGettingStarted" finished-at="2023-08-11T16:32:46 EDT" duration-ms="690" status="PASS">
          <reporter-output>
          </reporter-output>
        </test-method> <!-- testGettingStarted -->
        <test-method is-config="true" signature="afterMethod()[pri:0, instance:com.selenium.aspiration.tests.AspirationTest@5c86a017]" started-at="2023-08-11T16:32:46 EDT" name="afterMethod" finished-at="2023-08-11T16:32:46 EDT" duration-ms="506" status="PASS">
          <reporter-output>
          </reporter-output>
        </test-method> <!-- afterMethod -->
        <test-method is-config="true" signature="initialize()[pri:0, instance:com.selenium.aspiration.tests.AspirationTest@5c86a017]" started-at="2023-08-11T16:32:46 EDT" name="initialize" finished-at="2023-08-11T16:32:52 EDT" duration-ms="5370" status="PASS">
          <reporter-output>
          </reporter-output>
        </test-method> <!-- initialize -->
        <test-method signature="testIsOptionsChecked()[pri:0, instance:com.selenium.aspiration.tests.AspirationTest@5c86a017]" started-at="2023-08-11T16:32:52 EDT" name="testIsOptionsChecked" finished-at="2023-08-11T16:33:09 EDT" duration-ms="17626" status="PASS">
          <reporter-output>
          </reporter-output>
        </test-method> <!-- testIsOptionsChecked -->
        <test-method is-config="true" signature="afterMethod()[pri:0, instance:com.selenium.aspiration.tests.AspirationTest@5c86a017]" started-at="2023-08-11T16:33:09 EDT" name="afterMethod" finished-at="2023-08-11T16:33:09 EDT" duration-ms="269" status="PASS">
          <reporter-output>
          </reporter-output>
        </test-method> <!-- afterMethod -->
        <test-method is-config="true" signature="initialize()[pri:0, instance:com.selenium.aspiration.tests.AspirationTest@5c86a017]" started-at="2023-08-11T16:33:09 EDT" name="initialize" finished-at="2023-08-11T16:33:14 EDT" duration-ms="4682" status="PASS">
          <reporter-output>
          </reporter-output>
        </test-method> <!-- initialize -->
        <test-method signature="testProductPrices()[pri:0, instance:com.selenium.aspiration.tests.AspirationTest@5c86a017]" started-at="2023-08-11T16:33:14 EDT" name="testProductPrices" finished-at="2023-08-11T16:33:16 EDT" duration-ms="1743" status="PASS">
          <reporter-output>
          </reporter-output>
        </test-method> <!-- testProductPrices -->
        <test-method is-config="true" signature="afterMethod()[pri:0, instance:com.selenium.aspiration.tests.AspirationTest@5c86a017]" started-at="2023-08-11T16:33:16 EDT" name="afterMethod" finished-at="2023-08-11T16:33:16 EDT" duration-ms="261" status="PASS">
          <reporter-output>
          </reporter-output>
        </test-method> <!-- afterMethod -->
        <test-method is-config="true" signature="initialize()[pri:0, instance:com.selenium.aspiration.tests.AspirationTest@5c86a017]" started-at="2023-08-11T16:33:16 EDT" name="initialize" finished-at="2023-08-11T16:33:21 EDT" duration-ms="4669" status="PASS">
          <reporter-output>
          </reporter-output>
        </test-method> <!-- initialize -->
        <test-method signature="testSignIn()[pri:0, instance:com.selenium.aspiration.tests.AspirationTest@5c86a017]" started-at="2023-08-11T16:33:21 EDT" name="testSignIn" finished-at="2023-08-11T16:33:23 EDT" duration-ms="2294" status="PASS">
          <reporter-output>
          </reporter-output>
        </test-method> <!-- testSignIn -->
        <test-method is-config="true" signature="afterMethod()[pri:0, instance:com.selenium.aspiration.tests.AspirationTest@5c86a017]" started-at="2023-08-11T16:33:23 EDT" name="afterMethod" finished-at="2023-08-11T16:33:23 EDT" duration-ms="312" status="PASS">
          <reporter-output>
          </reporter-output>
        </test-method> <!-- afterMethod -->
        <test-method is-config="true" signature="initialize()[pri:0, instance:com.selenium.aspiration.tests.AspirationTest@5c86a017]" started-at="2023-08-11T16:33:23 EDT" name="initialize" finished-at="2023-08-11T16:33:28 EDT" duration-ms="4568" status="PASS">
          <reporter-output>
          </reporter-output>
        </test-method> <!-- initialize -->
        <test-method signature="testViewProducts()[pri:0, instance:com.selenium.aspiration.tests.AspirationTest@5c86a017]" started-at="2023-08-11T16:33:28 EDT" name="testViewProducts" finished-at="2023-08-11T16:33:30 EDT" duration-ms="2345" status="PASS">
          <reporter-output>
          </reporter-output>
        </test-method> <!-- testViewProducts -->
        <test-method is-config="true" signature="afterMethod()[pri:0, instance:com.selenium.aspiration.tests.AspirationTest@5c86a017]" started-at="2023-08-11T16:33:30 EDT" name="afterMethod" finished-at="2023-08-11T16:33:31 EDT" duration-ms="282" status="PASS">
          <reporter-output>
          </reporter-output>
        </test-method> <!-- afterMethod -->
      </class> <!-- com.selenium.aspiration.tests.AspirationTest -->
    </test> <!-- Page Object Model Project -->
  </suite> <!-- Aspiration Test-Suite -->
</testng-results>
