<?xml version="1.0" encoding="UTF-8"?>
<!-- Generated by org.testng.reporters.JUnitXMLReporter -->
<testsuite ignored="0" hostname="DESKTOP-F9CGR0U" failures="0" tests="5" name="Page Object Model Project" time="57.375" errors="0" timestamp="2023-08-15T16:21:55 EDT">
  <testcase classname="com.selenium.aspiration.tests.AspirationTest" name="testGettingStarted" time="0.492"/>
  <testcase classname="com.selenium.aspiration.tests.AspirationTest" name="testIsOptionsChecked" time="17.829"/>
  <testcase classname="com.selenium.aspiration.tests.AspirationTest" name="testProductPrices" time="2.424"/>
  <testcase classname="com.selenium.aspiration.tests.AspirationTest" name="testSignIn" time="2.838"/>
  <testcase classname="com.selenium.aspiration.tests.AspirationTest" name="testViewProducts" time="3.022"/>
</testsuite> <!-- Page Object Model Project -->
