<?xml version="1.0" encoding="UTF-8"?>
<!-- Generated by org.testng.reporters.JUnitXMLReporter -->
<testsuite ignored="1" hostname="DESKTOP-F9CGR0U" failures="0" tests="1" name="Page Object Model Project" time="4.478" errors="0" timestamp="2023-08-10T19:28:54 EDT">
  <testcase classname="com.selenium.aspiration.tests.AspirationTest" name="testViewProducts" time="4.136"/>
  <testcase classname="com.selenium.aspiration.tests.TestBase" name="@BeforeSuite initialize" time="0.0">
    <ignored/>
  </testcase> <!-- @BeforeSuite initialize -->
</testsuite> <!-- Page Object Model Project -->
