<?xml version="1.0" encoding="UTF-8"?>
<!-- Generated by org.testng.reporters.JUnitXMLReporter -->
<testsuite ignored="5" hostname="DESKTOP-F9CGR0U" failures="0" tests="0" time="0.008" errors="0" timestamp="2023-08-11T16:15:06 EDT">
  <testcase classname="com.selenium.aspiration.tests.AspirationTest" name="testViewProducts" time="0.0">
    <ignored/>
  </testcase> <!-- testViewProducts -->
  <testcase classname="com.selenium.aspiration.tests.AspirationTest" name="testSignIn" time="0.0">
    <ignored/>
  </testcase> <!-- testSignIn -->
  <testcase classname="com.selenium.aspiration.tests.AspirationTest" name="testGettingStarted" time="0.0">
    <ignored/>
  </testcase> <!-- testGettingStarted -->
  <testcase classname="com.selenium.aspiration.tests.AspirationTest" name="testProductPrices" time="0.0">
    <ignored/>
  </testcase> <!-- testProductPrices -->
  <testcase classname="com.selenium.aspiration.tests.AspirationTest" name="testIsOptionsChecked" time="0.0">
    <ignored/>
  </testcase> <!-- testIsOptionsChecked -->
</testsuite>
