<?xml version="1.0" encoding="UTF-8"?>
<!-- Generated by org.testng.reporters.JUnitXMLReporter -->
<testsuite ignored="4" hostname="DESKTOP-F9CGR0U" failures="0" tests="1" name="Default test(failed)(failed)(failed)" time="38.987" errors="0" timestamp="2023-08-11T16:05:35 EDT">
  <testcase classname="com.selenium.aspiration.tests.AspirationTest" name="testIsOptionsChecked" time="32.378"/>
  <testcase classname="com.selenium.aspiration.tests.AspirationTest" name="testViewProducts" time="0.0">
    <ignored/>
  </testcase> <!-- testViewProducts -->
  <testcase classname="com.selenium.aspiration.tests.AspirationTest" name="testSignIn" time="0.0">
    <ignored/>
  </testcase> <!-- testSignIn -->
  <testcase classname="com.selenium.aspiration.tests.AspirationTest" name="testGettingStarted" time="0.0">
    <ignored/>
  </testcase> <!-- testGettingStarted -->
  <testcase classname="com.selenium.aspiration.tests.AspirationTest" name="testProductPrices" time="0.0">
    <ignored/>
  </testcase> <!-- testProductPrices -->
</testsuite> <!-- Default test(failed)(failed)(failed) -->
